c:\users\arin\documents\code\cpp\csgoaimbot\csgoaimbot\debug\vc142.pdb
c:\users\arin\documents\code\cpp\csgoaimbot\csgoaimbot\debug\vc142.idb
c:\users\arin\documents\code\cpp\csgoaimbot\csgoaimbot\debug\wallhack.obj
c:\users\arin\documents\code\cpp\csgoaimbot\csgoaimbot\debug\vector3.obj
c:\users\arin\documents\code\cpp\csgoaimbot\csgoaimbot\debug\vector2.obj
c:\users\arin\documents\code\cpp\csgoaimbot\csgoaimbot\debug\skinchanger.obj
c:\users\arin\documents\code\cpp\csgoaimbot\csgoaimbot\debug\player.obj
c:\users\arin\documents\code\cpp\csgoaimbot\csgoaimbot\debug\main.obj
c:\users\arin\documents\code\cpp\csgoaimbot\csgoaimbot\debug\legitaimbot.obj
c:\users\arin\documents\code\cpp\csgoaimbot\csgoaimbot\debug\draw.obj
c:\users\arin\documents\code\cpp\csgoaimbot\csgoaimbot\debug\data.obj
c:\users\arin\documents\code\cpp\csgoaimbot\csgoaimbot\debug\clantagchanger.obj
c:\users\arin\documents\code\cpp\csgoaimbot\csgoaimbot\debug\bunnyhop.obj
c:\users\arin\documents\code\cpp\csgoaimbot\csgoaimbot\debug\antiflash.obj
c:\users\arin\documents\code\cpp\csgoaimbot\csgoaimbot\debug\aimbot.obj
c:\users\arin\documents\code\cpp\csgoaimbot\csgoaimbot\debug\csgoaimbot.ilk
c:\users\arin\documents\code\cpp\csgoaimbot\debug\csgoaimbot.exe
c:\users\arin\documents\code\cpp\csgoaimbot\debug\csgoaimbot.pdb
c:\users\arin\documents\code\cpp\csgoaimbot\csgoaimbot\debug\csgoaimbot.tlog\cl.command.1.tlog
c:\users\arin\documents\code\cpp\csgoaimbot\csgoaimbot\debug\csgoaimbot.tlog\cl.read.1.tlog
c:\users\arin\documents\code\cpp\csgoaimbot\csgoaimbot\debug\csgoaimbot.tlog\cl.write.1.tlog
c:\users\arin\documents\code\cpp\csgoaimbot\csgoaimbot\debug\csgoaimbot.tlog\link.command.1.tlog
c:\users\arin\documents\code\cpp\csgoaimbot\csgoaimbot\debug\csgoaimbot.tlog\link.read.1.tlog
c:\users\arin\documents\code\cpp\csgoaimbot\csgoaimbot\debug\csgoaimbot.tlog\link.write.1.tlog
